{"level":"info","message":"Server running on port 3001","timestamp":"2024-11-26T19:05:19.558Z"}
{"level":"info","message":"[2024-11-26T19:05:55.104Z] GET /admin","timestamp":"2024-11-26T19:05:55.104Z"}
{"level":"info","message":"::1 - - [26/Nov/2024:19:05:55 +0000] \"GET /admin HTTP/1.1\" 401 27 \"-\" \"curl/8.10.1\"","timestamp":"2024-11-26T19:05:55.108Z"}
{"level":"info","message":"[2024-11-26T19:06:16.911Z] GET /admin","timestamp":"2024-11-26T19:06:16.911Z"}
{"level":"info","message":"::1 - - [26/Nov/2024:19:06:16 +0000] \"GET /admin HTTP/1.1\" 401 27 \"-\" \"curl/8.10.1\"","timestamp":"2024-11-26T19:06:16.913Z"}
{"level":"info","message":"Server running on port 3001","timestamp":"2024-11-26T19:07:16.282Z"}
{"level":"info","message":"Server running on port 3001","timestamp":"2024-11-26T19:07:27.751Z"}
{"level":"info","message":"Server running on port 3001","timestamp":"2024-11-26T19:07:31.121Z"}
{"level":"info","message":"[2024-11-26T19:07:33.641Z] GET /admin","timestamp":"2024-11-26T19:07:33.641Z"}
{"level":"info","message":"::1 - - [26/Nov/2024:19:07:33 +0000] \"GET /admin HTTP/1.1\" 200 26 \"-\" \"curl/8.10.1\"","timestamp":"2024-11-26T19:07:33.655Z"}
{"level":"info","message":"[2024-11-26T19:08:01.058Z] GET /usuario","timestamp":"2024-11-26T19:08:01.058Z"}
{"level":"info","message":"::1 - - [26/Nov/2024:19:08:01 +0000] \"GET /usuario HTTP/1.1\" 404 146 \"-\" \"curl/8.10.1\"","timestamp":"2024-11-26T19:08:01.061Z"}
{"level":"info","message":"[2024-11-26T19:08:33.207Z] GET /vip","timestamp":"2024-11-26T19:08:33.207Z"}
{"level":"info","message":"::1 - - [26/Nov/2024:19:08:33 +0000] \"GET /vip HTTP/1.1\" 200 24 \"-\" \"curl/8.10.1\"","timestamp":"2024-11-26T19:08:33.217Z"}
{"level":"info","message":"Server running on port 3001","timestamp":"2024-11-26T19:08:39.994Z"}
{"level":"info","message":"Server running on port 3001","timestamp":"2024-11-26T19:08:40.475Z"}
{"level":"info","message":"Server running on port 3001","timestamp":"2024-11-26T19:14:31.113Z"}
{"level":"info","message":"Server running on port 3001","timestamp":"2024-11-26T19:14:36.783Z"}
{"level":"info","message":"Server running on port 3001","timestamp":"2024-11-26T19:14:58.553Z"}
{"level":"info","message":"[2024-11-26T19:15:15.271Z] GET /","timestamp":"2024-11-26T19:15:15.271Z"}
{"level":"info","message":"::1 - - [26/Nov/2024:19:15:15 +0000] \"GET / HTTP/1.1\" 404 139 \"-\" \"Mozilla/5.0 (Windows NT 10.0; Win64; x64) AppleWebKit/537.36 (KHTML, like Gecko) Chrome/131.0.0.0 Safari/537.36\"","timestamp":"2024-11-26T19:15:15.279Z"}
{"level":"info","message":"[2024-11-26T19:15:32.468Z] GET /rutaProtegida","timestamp":"2024-11-26T19:15:32.468Z"}
{"level":"info","message":"::1 - - [26/Nov/2024:19:15:32 +0000] \"GET /rutaProtegida HTTP/1.1\" 401 24 \"-\" \"Mozilla/5.0 (Windows NT 10.0; Win64; x64) AppleWebKit/537.36 (KHTML, like Gecko) Chrome/131.0.0.0 Safari/537.36\"","timestamp":"2024-11-26T19:15:32.473Z"}
{"level":"info","message":"[2024-11-26T19:15:52.172Z] GET /publica","timestamp":"2024-11-26T19:15:52.172Z"}
{"level":"info","message":"::1 - - [26/Nov/2024:19:15:52 +0000] \"GET /publica HTTP/1.1\" 200 28 \"-\" \"Mozilla/5.0 (Windows NT 10.0; Win64; x64) AppleWebKit/537.36 (KHTML, like Gecko) Chrome/131.0.0.0 Safari/537.36\"","timestamp":"2024-11-26T19:15:52.174Z"}
{"level":"info","message":"Server running on port 3001","timestamp":"2024-11-26T19:52:46.939Z"}
{"level":"info","message":"Server running on port 3001","timestamp":"2024-11-26T19:52:51.024Z"}
{"level":"info","message":"Server running on port 3001","timestamp":"2024-11-26T19:53:04.180Z"}
{"level":"info","message":"Server running on port 3001","timestamp":"2024-11-26T19:53:06.105Z"}
{"level":"info","message":"Server running on port 3001","timestamp":"2024-11-26T19:54:16.041Z"}
{"level":"info","message":"[2024-11-26T19:54:23.388Z] GET /vip","timestamp":"2024-11-26T19:54:23.388Z"}
{"level":"info","message":"::1 - - [26/Nov/2024:19:54:23 +0000] \"GET /vip HTTP/1.1\" 200 24 \"-\" \"curl/8.10.1\"","timestamp":"2024-11-26T19:54:23.400Z"}
{"level":"info","message":"Server running on port 3001","timestamp":"2024-11-26T20:15:48.866Z"}
{"level":"info","message":"Server running on port 3001","timestamp":"2024-11-26T20:15:49.434Z"}
{"level":"info","message":"Server running on port 3001","timestamp":"2024-12-02T11:58:29.987Z"}
{"level":"info","message":"[2024-12-02T12:00:11.647Z] GET /publica","timestamp":"2024-12-02T12:00:11.647Z"}
{"level":"info","message":"::1 - - [02/Dec/2024:12:00:11 +0000] \"GET /publica HTTP/1.1\" 200 28 \"-\" \"curl/8.10.1\"","timestamp":"2024-12-02T12:00:11.652Z"}
{"level":"info","message":"[2024-12-02T12:00:40.873Z] GET /rutaProtegida","timestamp":"2024-12-02T12:00:40.873Z"}
{"level":"info","message":"::1 - - [02/Dec/2024:12:00:40 +0000] \"GET /rutaProtegida HTTP/1.1\" 401 47 \"-\" \"curl/8.10.1\"","timestamp":"2024-12-02T12:00:40.886Z"}
{"level":"info","message":"[2024-12-02T12:04:01.770Z] GET /rutaProtegida","timestamp":"2024-12-02T12:04:01.771Z"}
{"level":"info","message":"::1 - - [02/Dec/2024:12:04:01 +0000] \"GET /rutaProtegida HTTP/1.1\" 401 27 \"-\" \"curl/8.10.1\"","timestamp":"2024-12-02T12:04:01.774Z"}
{"level":"info","message":"[2024-12-02T12:05:07.459Z] GET /rutaProtegida","timestamp":"2024-12-02T12:05:07.459Z"}
{"level":"info","message":"::1 - - [02/Dec/2024:12:05:07 +0000] \"GET /rutaProtegida HTTP/1.1\" 401 47 \"-\" \"curl/8.10.1\"","timestamp":"2024-12-02T12:05:07.460Z"}
{"level":"info","message":"[2024-12-02T12:07:55.128Z] GET /rutaProtegida","timestamp":"2024-12-02T12:07:55.128Z"}
{"level":"info","message":"::1 - - [02/Dec/2024:12:07:55 +0000] \"GET /rutaProtegida HTTP/1.1\" 200 16 \"-\" \"curl/8.10.1\"","timestamp":"2024-12-02T12:07:55.136Z"}
{"level":"info","message":"[2024-12-02T12:08:19.121Z] GET /rutaProtegida","timestamp":"2024-12-02T12:08:19.121Z"}
{"level":"info","message":"::1 - - [02/Dec/2024:12:08:19 +0000] \"GET /rutaProtegida HTTP/1.1\" 200 16 \"-\" \"curl/8.10.1\"","timestamp":"2024-12-02T12:08:19.130Z"}
{"level":"info","message":"[2024-12-02T12:09:05.083Z] GET /vip","timestamp":"2024-12-02T12:09:05.083Z"}
{"level":"info","message":"::1 - - [02/Dec/2024:12:09:05 +0000] \"GET /vip HTTP/1.1\" 200 24 \"-\" \"curl/8.10.1\"","timestamp":"2024-12-02T12:09:05.092Z"}
{"level":"info","message":"[2024-12-02T12:11:26.646Z] GET /publica","timestamp":"2024-12-02T12:11:26.646Z"}
{"level":"info","message":"::1 - - [02/Dec/2024:12:11:26 +0000] \"GET /publica HTTP/1.1\" 200 28 \"-\" \"curl/8.10.1\"","timestamp":"2024-12-02T12:11:26.647Z"}
{"level":"info","message":"[2024-12-02T12:11:43.395Z] GET /publica","timestamp":"2024-12-02T12:11:43.395Z"}
{"level":"info","message":"::1 - - [02/Dec/2024:12:11:43 +0000] \"GET /publica HTTP/1.1\" 200 28 \"-\" \"curl/8.10.1\"","timestamp":"2024-12-02T12:11:43.396Z"}
{"level":"info","message":"[2024-12-02T12:11:54.187Z] GET /vip","timestamp":"2024-12-02T12:11:54.187Z"}
{"level":"info","message":"::1 - - [02/Dec/2024:12:11:54 +0000] \"GET /vip HTTP/1.1\" 401 47 \"-\" \"curl/8.10.1\"","timestamp":"2024-12-02T12:11:54.190Z"}
{"level":"info","message":"[2024-12-02T12:12:10.985Z] GET /vip","timestamp":"2024-12-02T12:12:10.985Z"}
{"level":"info","message":"::1 - - [02/Dec/2024:12:12:10 +0000] \"GET /vip HTTP/1.1\" 403 46 \"-\" \"curl/8.10.1\"","timestamp":"2024-12-02T12:12:10.995Z"}
{"level":"info","message":"[2024-12-02T12:12:23.597Z] GET /vip","timestamp":"2024-12-02T12:12:23.597Z"}
{"level":"info","message":"::1 - - [02/Dec/2024:12:12:23 +0000] \"GET /vip HTTP/1.1\" 200 24 \"-\" \"curl/8.10.1\"","timestamp":"2024-12-02T12:12:23.606Z"}
{"level":"info","message":"[2024-12-02T12:12:39.999Z] GET /admin","timestamp":"2024-12-02T12:12:39.999Z"}
{"level":"info","message":"::1 - - [02/Dec/2024:12:12:40 +0000] \"GET /admin HTTP/1.1\" 403 46 \"-\" \"curl/8.10.1\"","timestamp":"2024-12-02T12:12:40.008Z"}
{"level":"info","message":"[2024-12-02T12:12:51.461Z] GET /admin","timestamp":"2024-12-02T12:12:51.462Z"}
{"level":"info","message":"::1 - - [02/Dec/2024:12:12:51 +0000] \"GET /admin HTTP/1.1\" 200 26 \"-\" \"curl/8.10.1\"","timestamp":"2024-12-02T12:12:51.471Z"}
{"level":"info","message":"[2024-12-02T12:13:10.636Z] GET /rutaProtegida","timestamp":"2024-12-02T12:13:10.636Z"}
{"level":"info","message":"::1 - - [02/Dec/2024:12:13:10 +0000] \"GET /rutaProtegida HTTP/1.1\" 200 16 \"-\" \"curl/8.10.1\"","timestamp":"2024-12-02T12:13:10.645Z"}
{"level":"info","message":"[2024-12-02T12:15:01.889Z] GET /rutaProtegida","timestamp":"2024-12-02T12:15:01.889Z"}
{"level":"info","message":"::1 - - [02/Dec/2024:12:15:01 +0000] \"GET /rutaProtegida HTTP/1.1\" 401 24 \"-\" \"PostmanRuntime/7.43.0\"","timestamp":"2024-12-02T12:15:01.890Z"}
{"level":"info","message":"Server running on port 3001","timestamp":"2024-12-12T19:50:02.723Z"}
{"level":"info","message":"[2024-12-12T19:50:24.546Z] GET /publica","timestamp":"2024-12-12T19:50:24.548Z"}
{"level":"info","message":"::1 - - [12/Dec/2024:19:50:24 +0000] \"GET /publica HTTP/1.1\" 200 28 \"-\" \"PostmanRuntime/7.43.0\"","timestamp":"2024-12-12T19:50:24.632Z"}
{"level":"info","message":"[2024-12-12T19:52:16.424Z] GET /vip","timestamp":"2024-12-12T19:52:16.424Z"}
{"level":"info","message":"::1 - - [12/Dec/2024:19:52:16 +0000] \"GET /vip HTTP/1.1\" 401 27 \"-\" \"PostmanRuntime/7.43.0\"","timestamp":"2024-12-12T19:52:16.455Z"}
{"level":"info","message":"[2024-12-12T19:53:47.186Z] GET /vip","timestamp":"2024-12-12T19:53:47.186Z"}
{"level":"info","message":"::1 - - [12/Dec/2024:19:53:47 +0000] \"GET /vip HTTP/1.1\" 401 27 \"-\" \"PostmanRuntime/7.43.0\"","timestamp":"2024-12-12T19:53:47.202Z"}
{"level":"info","message":"[2024-12-12T19:54:27.331Z] GET /vip","timestamp":"2024-12-12T19:54:27.331Z"}
{"level":"info","message":"::1 - - [12/Dec/2024:19:54:27 +0000] \"GET /vip HTTP/1.1\" 401 27 \"-\" \"PostmanRuntime/7.43.0\"","timestamp":"2024-12-12T19:54:27.348Z"}
{"level":"info","message":"[2024-12-12T19:54:45.685Z] GET /vip","timestamp":"2024-12-12T19:54:45.685Z"}
{"level":"info","message":"::1 - - [12/Dec/2024:19:54:45 +0000] \"GET /vip HTTP/1.1\" 401 27 \"-\" \"PostmanRuntime/7.43.0\"","timestamp":"2024-12-12T19:54:45.707Z"}
{"level":"info","message":"[2024-12-12T19:55:08.032Z] GET /publica","timestamp":"2024-12-12T19:55:08.032Z"}
{"level":"info","message":"::1 - - [12/Dec/2024:19:55:08 +0000] \"GET /publica HTTP/1.1\" 200 28 \"-\" \"PostmanRuntime/7.43.0\"","timestamp":"2024-12-12T19:55:08.038Z"}
{"level":"info","message":"Server running on port 3001","timestamp":"2024-12-12T19:57:01.828Z"}
{"level":"info","message":"[2024-12-12T19:57:10.276Z] GET /vip","timestamp":"2024-12-12T19:57:10.276Z"}
{"level":"info","message":"::1 - - [12/Dec/2024:19:57:10 +0000] \"GET /vip HTTP/1.1\" 200 24 \"-\" \"PostmanRuntime/7.43.0\"","timestamp":"2024-12-12T19:57:10.531Z"}
{"level":"info","message":"[2024-12-12T19:57:42.734Z] GET /rutaProtegida","timestamp":"2024-12-12T19:57:42.734Z"}
{"level":"info","message":"::1 - - [12/Dec/2024:19:57:42 +0000] \"GET /rutaProtegida HTTP/1.1\" 200 16 \"-\" \"PostmanRuntime/7.43.0\"","timestamp":"2024-12-12T19:57:42.867Z"}
{"level":"info","message":"[2024-12-12T19:57:51.189Z] GET /public","timestamp":"2024-12-12T19:57:51.189Z"}
{"level":"info","message":"::1 - - [12/Dec/2024:19:57:51 +0000] \"GET /public HTTP/1.1\" 404 145 \"-\" \"PostmanRuntime/7.43.0\"","timestamp":"2024-12-12T19:57:51.206Z"}
{"level":"info","message":"[2024-12-12T19:58:00.351Z] GET /publica","timestamp":"2024-12-12T19:58:00.351Z"}
{"level":"info","message":"::1 - - [12/Dec/2024:19:58:00 +0000] \"GET /publica HTTP/1.1\" 200 28 \"-\" \"PostmanRuntime/7.43.0\"","timestamp":"2024-12-12T19:58:00.365Z"}
{"level":"info","message":"Server running on port 3001","timestamp":"2024-12-12T19:58:19.329Z"}
{"level":"info","message":"[2024-12-12T19:59:07.389Z] GET /rutaProtegida","timestamp":"2024-12-12T19:59:07.389Z"}
{"level":"info","message":"::1 - - [12/Dec/2024:19:59:07 +0000] \"GET /rutaProtegida HTTP/1.1\" 200 16 \"-\" \"PostmanRuntime/7.43.0\"","timestamp":"2024-12-12T19:59:07.504Z"}
